<?xml version="1.0" encoding="UTF-8"?>
<testng-results skipped="0" failed="1" ignored="0" total="5" passed="4">
  <reporter-output>
  </reporter-output>
  <suite name="Suite" duration-ms="781967" started-at="2020-09-11T01:53:20 IST" finished-at="2020-09-11T02:06:22 IST">
    <groups>
      <group name="cucumber">
        <method signature="AbstractTestNGCucumberTests.feature(cucumber.api.testng.CucumberFeatureWrapper)[pri:0, instance:com.onlineDashboardApplication.testRunner.TestRunner@731a74c]" name="feature" class="cucumber.api.testng.AbstractTestNGCucumberTests"/>
      </group> <!-- cucumber -->
    </groups>
    <test name="Test" duration-ms="781967" started-at="2020-09-11T01:53:20 IST" finished-at="2020-09-11T02:06:22 IST">
      <class name="com.onlineDashboardApplication.testRunner.TestRunner">
        <test-method status="PASS" signature="setUpClass()[pri:0, instance:com.onlineDashboardApplication.testRunner.TestRunner@731a74c]" name="setUpClass" is-config="true" duration-ms="535" started-at="2020-09-11T01:53:20 IST" finished-at="2020-09-11T01:53:21 IST">
          <reporter-output>
          </reporter-output>
        </test-method> <!-- setUpClass -->
        <test-method status="PASS" signature="feature(cucumber.api.testng.CucumberFeatureWrapper)[pri:0, instance:com.onlineDashboardApplication.testRunner.TestRunner@731a74c]" name="feature" duration-ms="100608" started-at="2020-09-11T01:53:21 IST" description="Runs Cucumber Feature" data-provider="features" finished-at="2020-09-11T01:55:01 IST">
          <params>
            <param index="0">
              <value>
                <![CDATA[Registration Form Validation]]>
              </value>
            </param>
          </params>
          <reporter-output>
          </reporter-output>
        </test-method> <!-- feature -->
        <test-method status="PASS" signature="feature(cucumber.api.testng.CucumberFeatureWrapper)[pri:0, instance:com.onlineDashboardApplication.testRunner.TestRunner@731a74c]" name="feature" duration-ms="80309" started-at="2020-09-11T01:55:01 IST" description="Runs Cucumber Feature" data-provider="features" finished-at="2020-09-11T01:56:22 IST">
          <params>
            <param index="0">
              <value>
                <![CDATA[SLP Status]]>
              </value>
            </param>
          </params>
          <reporter-output>
          </reporter-output>
        </test-method> <!-- feature -->
        <test-method status="PASS" signature="feature(cucumber.api.testng.CucumberFeatureWrapper)[pri:0, instance:com.onlineDashboardApplication.testRunner.TestRunner@731a74c]" name="feature" duration-ms="401775" started-at="2020-09-11T01:56:22 IST" description="Runs Cucumber Feature" data-provider="features" finished-at="2020-09-11T02:03:03 IST">
          <params>
            <param index="0">
              <value>
                <![CDATA[Dashboard]]>
              </value>
            </param>
          </params>
          <reporter-output>
          </reporter-output>
        </test-method> <!-- feature -->
        <test-method status="PASS" signature="feature(cucumber.api.testng.CucumberFeatureWrapper)[pri:0, instance:com.onlineDashboardApplication.testRunner.TestRunner@731a74c]" name="feature" duration-ms="140058" started-at="2020-09-11T02:03:03 IST" description="Runs Cucumber Feature" data-provider="features" finished-at="2020-09-11T02:05:23 IST">
          <params>
            <param index="0">
              <value>
                <![CDATA[People Focus Week Form Validation]]>
              </value>
            </param>
          </params>
          <reporter-output>
          </reporter-output>
        </test-method> <!-- feature -->
        <test-method status="FAIL" signature="feature(cucumber.api.testng.CucumberFeatureWrapper)[pri:0, instance:com.onlineDashboardApplication.testRunner.TestRunner@731a74c]" name="feature" duration-ms="57732" started-at="2020-09-11T02:05:23 IST" description="Runs Cucumber Feature" data-provider="features" finished-at="2020-09-11T02:06:21 IST">
          <params>
            <param index="0">
              <value>
                <![CDATA[PeopleFocusDashboard]]>
              </value>
            </param>
          </params>
          <exception class="cucumber.runtime.CucumberException">
            <message>
              <![CDATA[java.lang.AssertionError: expected [08/09/2020] but found [09-08-2020]]]>
            </message>
            <full-stacktrace>
              <![CDATA[cucumber.runtime.CucumberException: java.lang.AssertionError: expected [08/09/2020] but found [09-08-2020]
at cucumber.api.testng.TestNGCucumberRunner.runCucumber(TestNGCucumberRunner.java:69)
at cucumber.api.testng.AbstractTestNGCucumberTests.feature(AbstractTestNGCucumberTests.java:21)
at sun.reflect.NativeMethodAccessorImpl.invoke0(Native Method)
at sun.reflect.NativeMethodAccessorImpl.invoke(Unknown Source)
at sun.reflect.DelegatingMethodAccessorImpl.invoke(Unknown Source)
at java.lang.reflect.Method.invoke(Unknown Source)
at org.testng.internal.MethodInvocationHelper.invokeMethod(MethodInvocationHelper.java:134)
at org.testng.internal.TestInvoker.invokeMethod(TestInvoker.java:597)
at org.testng.internal.TestInvoker.invokeTestMethod(TestInvoker.java:173)
at org.testng.internal.MethodRunner.runInSequence(MethodRunner.java:46)
at org.testng.internal.TestInvoker$MethodInvocationAgent.invoke(TestInvoker.java:816)
at org.testng.internal.TestInvoker.invokeTestMethods(TestInvoker.java:146)
at org.testng.internal.TestMethodWorker.invokeTestMethods(TestMethodWorker.java:146)
at org.testng.internal.TestMethodWorker.run(TestMethodWorker.java:128)
at java.util.ArrayList.forEach(Unknown Source)
at org.testng.TestRunner.privateRun(TestRunner.java:766)
at org.testng.TestRunner.run(TestRunner.java:587)
at org.testng.SuiteRunner.runTest(SuiteRunner.java:384)
at org.testng.SuiteRunner.runSequentially(SuiteRunner.java:378)
at org.testng.SuiteRunner.privateRun(SuiteRunner.java:337)
at org.testng.SuiteRunner.run(SuiteRunner.java:286)
at org.testng.SuiteRunnerWorker.runSuite(SuiteRunnerWorker.java:53)
at org.testng.SuiteRunnerWorker.run(SuiteRunnerWorker.java:96)
at org.testng.TestNG.runSuitesSequentially(TestNG.java:1187)
at org.testng.TestNG.runSuitesLocally(TestNG.java:1109)
at org.testng.TestNG.runSuites(TestNG.java:1039)
at org.testng.TestNG.run(TestNG.java:1007)
at org.apache.maven.surefire.testng.TestNGExecutor.run(TestNGExecutor.java:284)
at org.apache.maven.surefire.testng.TestNGXmlTestSuite.execute(TestNGXmlTestSuite.java:75)
at org.apache.maven.surefire.testng.TestNGProvider.invoke(TestNGProvider.java:119)
at org.apache.maven.surefire.booter.ForkedBooter.runSuitesInProcess(ForkedBooter.java:428)
at org.apache.maven.surefire.booter.ForkedBooter.execute(ForkedBooter.java:162)
at org.apache.maven.surefire.booter.ForkedBooter.run(ForkedBooter.java:562)
at org.apache.maven.surefire.booter.ForkedBooter.main(ForkedBooter.java:548)
Caused by: java.lang.AssertionError: expected [08/09/2020] but found [09-08-2020]
at org.testng.Assert.fail(Assert.java:97)
at org.testng.Assert.assertEqualsImpl(Assert.java:136)
at org.testng.Assert.assertEquals(Assert.java:118)
at org.testng.Assert.assertEquals(Assert.java:575)
at org.testng.Assert.assertEquals(Assert.java:585)
at com.onlineDashboardApplication.stepDefination.TestPeopleFocusDashboard.check_same_set_of_data_should_be_displayed_in_the_people_focus_table(TestPeopleFocusDashboard.java:78)
at âœ½.Then Checks Same set of data should be displayed in the people focus table(05_PeopleFocusDashboard.feature:10)
]]>
            </full-stacktrace>
          </exception> <!-- cucumber.runtime.CucumberException -->
          <reporter-output>
          </reporter-output>
        </test-method> <!-- feature -->
        <test-method status="PASS" signature="writeExtentReport()[pri:0, instance:com.onlineDashboardApplication.testRunner.TestRunner@731a74c]" name="writeExtentReport" is-config="true" duration-ms="0" started-at="2020-09-11T02:06:21 IST" finished-at="2020-09-11T02:06:21 IST">
          <reporter-output>
          </reporter-output>
        </test-method> <!-- writeExtentReport -->
        <test-method status="PASS" signature="tearDownClass()[pri:0, instance:com.onlineDashboardApplication.testRunner.TestRunner@731a74c]" name="tearDownClass" is-config="true" duration-ms="719" started-at="2020-09-11T02:06:21 IST" finished-at="2020-09-11T02:06:22 IST">
          <reporter-output>
          </reporter-output>
        </test-method> <!-- tearDownClass -->
      </class> <!-- com.onlineDashboardApplication.testRunner.TestRunner -->
    </test> <!-- Test -->
  </suite> <!-- Suite -->
</testng-results>
